  Dino.cpp
c:\users\samsung\onedrive\code\trex\trex_beta\obstacles.cpp(14): warning C4244: '인수': 'time_t'에서 'unsigned int'(으)로 변환하면서 데이터가 손실될 수 있습니다.
c:\users\samsung\onedrive\code\trex\trex_beta\dino.cpp(10): warning C4305: '인수': 'double'에서 'T'(으)로 잘립니다.
          with
          [
              T=float
          ]
  Game.cpp
c:\users\samsung\onedrive\code\trex\trex_beta\obstacles.cpp(14): warning C4244: '인수': 'time_t'에서 'unsigned int'(으)로 변환하면서 데이터가 손실될 수 있습니다.
c:\users\samsung\onedrive\code\trex\trex_beta\dino.cpp(10): warning C4305: '인수': 'double'에서 'T'(으)로 잘립니다.
          with
          [
              T=float
          ]
  Level.cpp
  main.cpp
c:\users\samsung\onedrive\code\trex\trex_beta\obstacles.cpp(14): warning C4244: '인수': 'time_t'에서 'unsigned int'(으)로 변환하면서 데이터가 손실될 수 있습니다.
c:\users\samsung\onedrive\code\trex\trex_beta\dino.cpp(10): warning C4305: '인수': 'double'에서 'T'(으)로 잘립니다.
          with
          [
              T=float
          ]
  Obstacles.cpp
c:\users\samsung\onedrive\code\trex\trex_beta\obstacles.cpp(14): warning C4244: '인수': 'time_t'에서 'unsigned int'(으)로 변환하면서 데이터가 손실될 수 있습니다.
  코드를 생성하고 있습니다...
sfml-graphics-d.lib(sfml-graphics-d-2.dll) : fatal error LNK1112: 'x86' 모듈 컴퓨터 종류가 'x64' 대상 컴퓨터 종류와 충돌합니다.
